<?xml version="1.0" encoding="UTF-8"?>
<!-- Generated by org.testng.reporters.JUnitReportReporter -->
<testsuite hostname="DESKTOP-G7VIM54" failures="0" tests="3" name="AssertionListener.AssertionListenerExample.ListenerMain" time="0.649" errors="0" timestamp="2021-09-13T12:34:32 IST" skipped="0">
  <testcase classname="AssertionListener.AssertionListenerExample.ListenerMain" name="usernameTest" time="0.300"/>
  <system-out/>
  <testcase classname="AssertionListener.AssertionListenerExample.ListenerMain" name="passwordTest" time="0.223"/>
  <system-out/>
  <testcase classname="AssertionListener.AssertionListenerExample.ListenerMain" name="loginTest" time="0.126"/>
  <system-out/>
</testsuite> <!-- AssertionListener.AssertionListenerExample.ListenerMain -->
