<?xml version="1.0" encoding="UTF-8"?>
<!-- Generated by org.testng.reporters.JUnitReportReporter -->
<testsuite hostname="DESKTOP-G7VIM54" failures="0" tests="3" name="AssertionListener.AssertionListenerExample.AssertionTest" time="5.263" errors="0" timestamp="2021-09-14T23:22:18 IST" skipped="0">
  <testcase classname="AssertionListener.AssertionListenerExample.AssertionTest" name="usernameTest" time="3.967"/>
  <system-out/>
  <testcase classname="AssertionListener.AssertionListenerExample.AssertionTest" name="passwordTest" time="0.725"/>
  <system-out/>
  <testcase classname="AssertionListener.AssertionListenerExample.AssertionTest" name="loginTest" time="0.571"/>
  <system-out/>
</testsuite> <!-- AssertionListener.AssertionListenerExample.AssertionTest -->
